2024-09-01T10:18:42.856Z [error]: stopping the server
2024-09-01T10:20:59.022Z [error]: stopping the server
2024-09-01T10:21:32.971Z [error]: stopping the server
2024-09-01T10:22:14.510Z [error]: stopping the server
2024-09-01T10:26:46.467Z [error]: stopping the server
2024-09-01T10:27:16.577Z [error]: stopping the server
2024-09-01T10:31:43.586Z [error]: stopping the server
2024-09-01T10:32:13.019Z [error]: stopping the server
2024-09-01T10:33:23.320Z [error]: stopping the server
2024-09-01T10:38:23.433Z [error]: stopping the server
2024-09-01T10:52:02.555Z [error]: stopping the server
2024-09-01T10:52:45.131Z [error]: stopping the server
2024-09-01T11:03:51.091Z [error]: stopping the server
2024-09-01T11:04:41.109Z [error]: stopping the server
2024-09-01T11:11:38.260Z [error]: stopping the server
2024-09-01T11:13:26.153Z [error]: stopping the server
2024-09-01T11:15:07.056Z [error]: stopping the server
2024-09-01T11:16:02.763Z [error]: stopping the server
2024-09-01T11:18:20.355Z [error]: stopping the server
2024-09-02T08:15:02.646Z [error]: stopping the server
2024-09-02T09:02:35.301Z [error]: stopping the server
2024-09-05T09:47:38.034Z [error]: stopping the server
2024-09-05T09:59:01.809Z [error]: stopping the server
2024-09-05T10:01:03.777Z [error]: Error: TypeError: Cannot read properties of undefined (reading 'bold')
2024-09-05T10:05:31.112Z [error]: Error: TypeError: Cannot read properties of undefined (reading 'green')
2024-09-05T10:06:04.395Z [error]: stopping the server
2024-09-05T10:06:52.614Z [error]: stopping the server
2024-09-05T10:08:52.178Z [error]: [1m[41mstopping the server[49m[22m
2024-09-05T10:09:39.983Z [error]: [1m[41mstopping the server[49m[22m
2024-09-05T10:10:18.041Z [error]: [1m[31mstopping the server[39m[22m
2024-09-05T10:11:47.938Z [error]: undefined
2024-09-05T10:14:39.211Z [error]: [1m[31mstopping the server[39m[22m
2024-09-05T10:14:58.249Z [error]: [1m[31mstopping the server[39m[22m
